<?xml version="1.0" encoding="UTF-8"?>
<!-- Generated by org.testng.reporters.JUnitReportReporter -->
<testsuite skipped="0" hostname="DESKTOP-FASG7V1" name="TestCases.TestCase" tests="1" failures="0" timestamp="2022-02-22T13:43:42 AZT" time="12.633" errors="0">
  <testcase name="test" time="12.633" classname="TestCases.TestCase"/>
  <system-out/>
</testsuite> <!-- TestCases.TestCase -->
