<?xml version="1.0" encoding="UTF-8"?>
<!-- Generated by org.testng.reporters.JUnitReportReporter -->
<testsuite skipped="0" hostname="DESKTOP-FASG7V1" name="TestCases.annotations.MyFirstTestCase" tests="2" failures="0" timestamp="2022-02-22T13:43:42 AZT" time="0.002" errors="0">
  <testcase name="testCase01" time="0.001" classname="TestCases.annotations.MyFirstTestCase"/>
  <system-out/>
  <testcase name="testCase02" time="0.001" classname="TestCases.annotations.MyFirstTestCase"/>
  <system-out/>
</testsuite> <!-- TestCases.annotations.MyFirstTestCase -->
