<?xml version="1.0" encoding="UTF-8"?>
<!-- Generated by org.testng.reporters.JUnitReportReporter -->
<testsuite skipped="0" hostname="DESKTOP-FASG7V1" name="TestCases.TestCase2" tests="1" failures="0" timestamp="2022-02-22T13:43:42 AZT" time="0.000" errors="0">
  <testcase name="s1" time="0.000" classname="TestCases.TestCase2"/>
  <system-out/>
</testsuite> <!-- TestCases.TestCase2 -->
